{"C:\\Users\\niqos\\Desktop\\CF-Node\\usersApp\\app.js": {"path":"C:\\Users\\niqos\\Desktop\\CF-Node\\usersApp\\app.js","statementMap":{"0":{"start":{"line":1,"column":16},"end":{"line":1,"column":34}},"1":{"start":{"line":2,"column":12},"end":{"line":2,"column":21}},"2":{"start":{"line":3,"column":13},"end":{"line":3,"column":28}},"3":{"start":{"line":6,"column":0},"end":{"line":6,"column":23}},"4":{"start":{"line":7,"column":0},"end":{"line":7,"column":46}},"5":{"start":{"line":9,"column":18},"end":{"line":9,"column":47}},"6":{"start":{"line":10,"column":24},"end":{"line":10,"column":44}},"7":{"start":{"line":12,"column":13},"end":{"line":12,"column":44}},"8":{"start":{"line":13,"column":20},"end":{"line":13,"column":60}},"9":{"start":{"line":14,"column":13},"end":{"line":14,"column":44}},"10":{"start":{"line":16,"column":0},"end":{"line":20,"column":3}},"11":{"start":{"line":22,"column":0},"end":{"line":22,"column":26}},"12":{"start":{"line":23,"column":0},"end":{"line":23,"column":28}},"13":{"start":{"line":24,"column":0},"end":{"line":24,"column":41}},"14":{"start":{"line":26,"column":0},"end":{"line":26,"column":37}},"15":{"start":{"line":28,"column":0},"end":{"line":28,"column":79}},"16":{"start":{"line":30,"column":0},"end":{"line":30,"column":20}}},"fnMap":{},"branchMap":{},"s":{"0":1,"1":1,"2":1,"3":1,"4":1,"5":1,"6":1,"7":1,"8":1,"9":1,"10":1,"11":1,"12":1,"13":1,"14":1,"15":1,"16":1},"f":{},"b":{},"_coverageSchema":"1a1c01bbd47fc00a2c39e90264f33305004495a9","hash":"dd8616ad21c273ba1e939c02a0c8381fe40cea10"}
,"C:\\Users\\niqos\\Desktop\\CF-Node\\usersApp\\swagger.js": {"path":"C:\\Users\\niqos\\Desktop\\CF-Node\\usersApp\\swagger.js","statementMap":{"0":{"start":{"line":1,"column":12},"end":{"line":1,"column":42}},"1":{"start":{"line":2,"column":13},"end":{"line":2,"column":43}},"2":{"start":{"line":4,"column":0},"end":{"line":241,"column":1}}},"fnMap":{},"branchMap":{},"s":{"0":1,"1":1,"2":1},"f":{},"b":{},"_coverageSchema":"1a1c01bbd47fc00a2c39e90264f33305004495a9","hash":"b03a35893d877767d37e6ec7b7f3aa97be4480c5"}
,"C:\\Users\\niqos\\Desktop\\CF-Node\\usersApp\\controllers\\auth.controller.js": {"path":"C:\\Users\\niqos\\Desktop\\CF-Node\\usersApp\\controllers\\auth.controller.js","statementMap":{"0":{"start":{"line":1,"column":15},"end":{"line":1,"column":32}},"1":{"start":{"line":2,"column":13},"end":{"line":2,"column":44}},"2":{"start":{"line":3,"column":20},"end":{"line":3,"column":55}},"3":{"start":{"line":5,"column":0},"end":{"line":27,"column":1}},"4":{"start":{"line":6,"column":2},"end":{"line":6,"column":39}},"5":{"start":{"line":8,"column":19},"end":{"line":8,"column":36}},"6":{"start":{"line":9,"column":19},"end":{"line":9,"column":36}},"7":{"start":{"line":11,"column":2},"end":{"line":26,"column":3}},"8":{"start":{"line":12,"column":19},"end":{"line":12,"column":107}},"9":{"start":{"line":13,"column":4},"end":{"line":13,"column":31}},"10":{"start":{"line":14,"column":20},"end":{"line":14,"column":67}},"11":{"start":{"line":17,"column":4},"end":{"line":22,"column":5}},"12":{"start":{"line":18,"column":20},"end":{"line":18,"column":59}},"13":{"start":{"line":19,"column":6},"end":{"line":19,"column":55}},"14":{"start":{"line":21,"column":6},"end":{"line":21,"column":71}},"15":{"start":{"line":24,"column":4},"end":{"line":24,"column":43}},"16":{"start":{"line":25,"column":4},"end":{"line":25,"column":52}},"17":{"start":{"line":29,"column":0},"end":{"line":43,"column":1}},"18":{"start":{"line":30,"column":15},"end":{"line":30,"column":29}},"19":{"start":{"line":32,"column":2},"end":{"line":42,"column":3}},"20":{"start":{"line":33,"column":4},"end":{"line":33,"column":80}},"21":{"start":{"line":35,"column":15},"end":{"line":35,"column":49}},"22":{"start":{"line":36,"column":4},"end":{"line":41,"column":5}},"23":{"start":{"line":37,"column":6},"end":{"line":37,"column":30}},"24":{"start":{"line":38,"column":6},"end":{"line":38,"column":53}},"25":{"start":{"line":40,"column":6},"end":{"line":40,"column":76}}},"fnMap":{"0":{"name":"(anonymous_0)","decl":{"start":{"line":5,"column":16},"end":{"line":5,"column":17}},"loc":{"start":{"line":5,"column":36},"end":{"line":27,"column":1}},"line":5},"1":{"name":"(anonymous_1)","decl":{"start":{"line":29,"column":22},"end":{"line":29,"column":23}},"loc":{"start":{"line":29,"column":41},"end":{"line":43,"column":1}},"line":29}},"branchMap":{"0":{"loc":{"start":{"line":17,"column":4},"end":{"line":22,"column":5}},"type":"if","locations":[{"start":{"line":17,"column":4},"end":{"line":22,"column":5}},{"start":{"line":20,"column":11},"end":{"line":22,"column":5}}],"line":17},"1":{"loc":{"start":{"line":17,"column":8},"end":{"line":17,"column":57}},"type":"binary-expr","locations":[{"start":{"line":17,"column":8},"end":{"line":17,"column":14}},{"start":{"line":17,"column":18},"end":{"line":17,"column":46}},{"start":{"line":17,"column":50},"end":{"line":17,"column":57}}],"line":17},"2":{"loc":{"start":{"line":32,"column":2},"end":{"line":42,"column":3}},"type":"if","locations":[{"start":{"line":32,"column":2},"end":{"line":42,"column":3}},{"start":{"line":34,"column":9},"end":{"line":42,"column":3}}],"line":32},"3":{"loc":{"start":{"line":36,"column":4},"end":{"line":41,"column":5}},"type":"if","locations":[{"start":{"line":36,"column":4},"end":{"line":41,"column":5}},{"start":{"line":39,"column":11},"end":{"line":41,"column":5}}],"line":36}},"s":{"0":1,"1":1,"2":1,"3":1,"4":0,"5":0,"6":0,"7":0,"8":0,"9":0,"10":0,"11":0,"12":0,"13":0,"14":0,"15":0,"16":0,"17":1,"18":0,"19":0,"20":0,"21":0,"22":0,"23":0,"24":0,"25":0},"f":{"0":0,"1":0},"b":{"0":[0,0],"1":[0,0,0],"2":[0,0],"3":[0,0]},"_coverageSchema":"1a1c01bbd47fc00a2c39e90264f33305004495a9","hash":"840a370b174b2a2b7383ddfa2ea218bf1f3476eb"}
,"C:\\Users\\niqos\\Desktop\\CF-Node\\usersApp\\controllers\\user.controller.js": {"path":"C:\\Users\\niqos\\Desktop\\CF-Node\\usersApp\\controllers\\user.controller.js","statementMap":{"0":{"start":{"line":1,"column":13},"end":{"line":1,"column":44}},"1":{"start":{"line":2,"column":20},"end":{"line":2,"column":56}},"2":{"start":{"line":3,"column":15},"end":{"line":3,"column":32}},"3":{"start":{"line":4,"column":15},"end":{"line":4,"column":42}},"4":{"start":{"line":6,"column":0},"end":{"line":20,"column":1}},"5":{"start":{"line":7,"column":2},"end":{"line":7,"column":54}},"6":{"start":{"line":9,"column":2},"end":{"line":19,"column":3}},"7":{"start":{"line":11,"column":19},"end":{"line":11,"column":46}},"8":{"start":{"line":12,"column":4},"end":{"line":12,"column":55}},"9":{"start":{"line":13,"column":4},"end":{"line":13,"column":47}},"10":{"start":{"line":16,"column":4},"end":{"line":16,"column":48}},"11":{"start":{"line":17,"column":4},"end":{"line":17,"column":61}},"12":{"start":{"line":18,"column":4},"end":{"line":18,"column":53}},"13":{"start":{"line":22,"column":0},"end":{"line":40,"column":1}},"14":{"start":{"line":23,"column":2},"end":{"line":23,"column":50}},"15":{"start":{"line":24,"column":17},"end":{"line":24,"column":36}},"16":{"start":{"line":26,"column":2},"end":{"line":39,"column":3}},"17":{"start":{"line":28,"column":19},"end":{"line":28,"column":54}},"18":{"start":{"line":29,"column":4},"end":{"line":34,"column":5}},"19":{"start":{"line":30,"column":6},"end":{"line":30,"column":45}},"20":{"start":{"line":33,"column":6},"end":{"line":33,"column":70}},"21":{"start":{"line":36,"column":4},"end":{"line":36,"column":47}},"22":{"start":{"line":38,"column":4},"end":{"line":38,"column":52}},"23":{"start":{"line":42,"column":0},"end":{"line":68,"column":1}},"24":{"start":{"line":43,"column":2},"end":{"line":43,"column":28}},"25":{"start":{"line":44,"column":13},"end":{"line":44,"column":21}},"26":{"start":{"line":45,"column":23},"end":{"line":45,"column":25}},"27":{"start":{"line":46,"column":25},"end":{"line":46,"column":71}},"28":{"start":{"line":48,"column":18},"end":{"line":58,"column":4}},"29":{"start":{"line":60,"column":2},"end":{"line":67,"column":3}},"30":{"start":{"line":61,"column":19},"end":{"line":61,"column":39}},"31":{"start":{"line":63,"column":4},"end":{"line":63,"column":42}},"32":{"start":{"line":65,"column":4},"end":{"line":65,"column":48}},"33":{"start":{"line":66,"column":4},"end":{"line":66,"column":39}},"34":{"start":{"line":70,"column":0},"end":{"line":92,"column":1}},"35":{"start":{"line":71,"column":19},"end":{"line":71,"column":36}},"36":{"start":{"line":73,"column":2},"end":{"line":73,"column":54}},"37":{"start":{"line":75,"column":21},"end":{"line":83,"column":3}},"38":{"start":{"line":85,"column":2},"end":{"line":91,"column":3}},"39":{"start":{"line":86,"column":19},"end":{"line":86,"column":93}},"40":{"start":{"line":87,"column":4},"end":{"line":87,"column":54}},"41":{"start":{"line":89,"column":4},"end":{"line":89,"column":48}},"42":{"start":{"line":90,"column":4},"end":{"line":90,"column":52}},"43":{"start":{"line":95,"column":0},"end":{"line":106,"column":1}},"44":{"start":{"line":96,"column":19},"end":{"line":96,"column":38}},"45":{"start":{"line":97,"column":2},"end":{"line":97,"column":52}},"46":{"start":{"line":99,"column":2},"end":{"line":105,"column":3}},"47":{"start":{"line":100,"column":19},"end":{"line":100,"column":68}},"48":{"start":{"line":101,"column":4},"end":{"line":101,"column":54}},"49":{"start":{"line":103,"column":4},"end":{"line":103,"column":48}},"50":{"start":{"line":104,"column":4},"end":{"line":104,"column":52}},"51":{"start":{"line":109,"column":0},"end":{"line":121,"column":1}},"52":{"start":{"line":110,"column":19},"end":{"line":110,"column":38}},"53":{"start":{"line":111,"column":16},"end":{"line":111,"column":32}},"54":{"start":{"line":112,"column":2},"end":{"line":112,"column":44}},"55":{"start":{"line":114,"column":2},"end":{"line":120,"column":3}},"56":{"start":{"line":115,"column":19},"end":{"line":115,"column":62}},"57":{"start":{"line":116,"column":4},"end":{"line":116,"column":54}},"58":{"start":{"line":118,"column":4},"end":{"line":118,"column":48}},"59":{"start":{"line":119,"column":4},"end":{"line":119,"column":52}}},"fnMap":{"0":{"name":"(anonymous_0)","decl":{"start":{"line":6,"column":18},"end":{"line":6,"column":19}},"loc":{"start":{"line":6,"column":37},"end":{"line":20,"column":1}},"line":6},"1":{"name":"(anonymous_1)","decl":{"start":{"line":22,"column":18},"end":{"line":22,"column":19}},"loc":{"start":{"line":22,"column":37},"end":{"line":40,"column":1}},"line":22},"2":{"name":"(anonymous_2)","decl":{"start":{"line":42,"column":17},"end":{"line":42,"column":18}},"loc":{"start":{"line":42,"column":36},"end":{"line":68,"column":1}},"line":42},"3":{"name":"(anonymous_3)","decl":{"start":{"line":70,"column":17},"end":{"line":70,"column":18}},"loc":{"start":{"line":70,"column":36},"end":{"line":92,"column":1}},"line":70},"4":{"name":"(anonymous_4)","decl":{"start":{"line":95,"column":27},"end":{"line":95,"column":28}},"loc":{"start":{"line":95,"column":46},"end":{"line":106,"column":1}},"line":95},"5":{"name":"(anonymous_5)","decl":{"start":{"line":109,"column":24},"end":{"line":109,"column":25}},"loc":{"start":{"line":109,"column":44},"end":{"line":121,"column":1}},"line":109}},"branchMap":{"0":{"loc":{"start":{"line":29,"column":4},"end":{"line":34,"column":5}},"type":"if","locations":[{"start":{"line":29,"column":4},"end":{"line":34,"column":5}},{"start":{"line":31,"column":10},"end":{"line":34,"column":5}}],"line":29}},"s":{"0":1,"1":1,"2":1,"3":1,"4":1,"5":1,"6":1,"7":1,"8":1,"9":1,"10":0,"11":0,"12":0,"13":1,"14":1,"15":1,"16":1,"17":1,"18":1,"19":1,"20":0,"21":0,"22":0,"23":1,"24":0,"25":0,"26":0,"27":0,"28":0,"29":0,"30":0,"31":0,"32":0,"33":0,"34":1,"35":0,"36":0,"37":0,"38":0,"39":0,"40":0,"41":0,"42":0,"43":1,"44":0,"45":0,"46":0,"47":0,"48":0,"49":0,"50":0,"51":1,"52":0,"53":0,"54":0,"55":0,"56":0,"57":0,"58":0,"59":0},"f":{"0":1,"1":1,"2":0,"3":0,"4":0,"5":0},"b":{"0":[1,0]},"_coverageSchema":"1a1c01bbd47fc00a2c39e90264f33305004495a9","hash":"3ad68b2b9203f379f75e2ff15fa09c07ad94bd10"}
,"C:\\Users\\niqos\\Desktop\\CF-Node\\usersApp\\controllers\\user.product.controller.js": {"path":"C:\\Users\\niqos\\Desktop\\CF-Node\\usersApp\\controllers\\user.product.controller.js","statementMap":{"0":{"start":{"line":1,"column":13},"end":{"line":1,"column":44}},"1":{"start":{"line":3,"column":0},"end":{"line":13,"column":1}},"2":{"start":{"line":4,"column":2},"end":{"line":4,"column":44}},"3":{"start":{"line":6,"column":2},"end":{"line":12,"column":3}},"4":{"start":{"line":7,"column":19},"end":{"line":7,"column":74}},"5":{"start":{"line":8,"column":4},"end":{"line":8,"column":54}},"6":{"start":{"line":10,"column":4},"end":{"line":10,"column":57}},"7":{"start":{"line":11,"column":4},"end":{"line":11,"column":52}},"8":{"start":{"line":15,"column":0},"end":{"line":26,"column":1}},"9":{"start":{"line":16,"column":2},"end":{"line":16,"column":49}},"10":{"start":{"line":17,"column":19},"end":{"line":17,"column":38}},"11":{"start":{"line":19,"column":2},"end":{"line":25,"column":3}},"12":{"start":{"line":20,"column":19},"end":{"line":20,"column":94}},"13":{"start":{"line":21,"column":4},"end":{"line":21,"column":54}},"14":{"start":{"line":23,"column":4},"end":{"line":23,"column":59}},"15":{"start":{"line":24,"column":4},"end":{"line":24,"column":52}},"16":{"start":{"line":28,"column":0},"end":{"line":40,"column":1}},"17":{"start":{"line":29,"column":2},"end":{"line":29,"column":40}},"18":{"start":{"line":30,"column":19},"end":{"line":30,"column":36}},"19":{"start":{"line":31,"column":19},"end":{"line":31,"column":36}},"20":{"start":{"line":33,"column":2},"end":{"line":39,"column":3}},"21":{"start":{"line":34,"column":19},"end":{"line":34,"column":92}},"22":{"start":{"line":35,"column":4},"end":{"line":35,"column":54}},"23":{"start":{"line":37,"column":4},"end":{"line":37,"column":54}},"24":{"start":{"line":38,"column":4},"end":{"line":38,"column":51}},"25":{"start":{"line":42,"column":0},"end":{"line":56,"column":1}},"26":{"start":{"line":44,"column":19},"end":{"line":44,"column":36}},"27":{"start":{"line":45,"column":20},"end":{"line":45,"column":40}},"28":{"start":{"line":46,"column":26},"end":{"line":46,"column":51}},"29":{"start":{"line":47,"column":2},"end":{"line":47,"column":57}},"30":{"start":{"line":49,"column":2},"end":{"line":55,"column":3}},"31":{"start":{"line":50,"column":19},"end":{"line":50,"column":138}},"32":{"start":{"line":51,"column":4},"end":{"line":51,"column":54}},"33":{"start":{"line":53,"column":4},"end":{"line":53,"column":51}},"34":{"start":{"line":54,"column":4},"end":{"line":54,"column":52}},"35":{"start":{"line":58,"column":0},"end":{"line":71,"column":1}},"36":{"start":{"line":59,"column":19},"end":{"line":59,"column":38}},"37":{"start":{"line":60,"column":20},"end":{"line":60,"column":34}},"38":{"start":{"line":62,"column":2},"end":{"line":62,"column":53}},"39":{"start":{"line":64,"column":2},"end":{"line":70,"column":3}},"40":{"start":{"line":65,"column":19},"end":{"line":65,"column":100}},"41":{"start":{"line":66,"column":4},"end":{"line":66,"column":54}},"42":{"start":{"line":68,"column":4},"end":{"line":68,"column":51}},"43":{"start":{"line":69,"column":4},"end":{"line":69,"column":52}},"44":{"start":{"line":73,"column":0},"end":{"line":103,"column":1}},"45":{"start":{"line":74,"column":2},"end":{"line":74,"column":70}},"46":{"start":{"line":76,"column":2},"end":{"line":101,"column":3}},"47":{"start":{"line":77,"column":19},"end":{"line":95,"column":6}},"48":{"start":{"line":96,"column":4},"end":{"line":96,"column":54}},"49":{"start":{"line":98,"column":4},"end":{"line":98,"column":42}},"50":{"start":{"line":99,"column":4},"end":{"line":99,"column":51}}},"fnMap":{"0":{"name":"(anonymous_0)","decl":{"start":{"line":3,"column":18},"end":{"line":3,"column":19}},"loc":{"start":{"line":3,"column":37},"end":{"line":13,"column":1}},"line":3},"1":{"name":"(anonymous_1)","decl":{"start":{"line":15,"column":18},"end":{"line":15,"column":19}},"loc":{"start":{"line":15,"column":37},"end":{"line":26,"column":1}},"line":15},"2":{"name":"(anonymous_2)","decl":{"start":{"line":28,"column":17},"end":{"line":28,"column":18}},"loc":{"start":{"line":28,"column":36},"end":{"line":40,"column":1}},"line":28},"3":{"name":"(anonymous_3)","decl":{"start":{"line":42,"column":17},"end":{"line":42,"column":18}},"loc":{"start":{"line":42,"column":36},"end":{"line":56,"column":1}},"line":42},"4":{"name":"(anonymous_4)","decl":{"start":{"line":58,"column":17},"end":{"line":58,"column":18}},"loc":{"start":{"line":58,"column":36},"end":{"line":71,"column":1}},"line":58},"5":{"name":"(anonymous_5)","decl":{"start":{"line":73,"column":17},"end":{"line":73,"column":18}},"loc":{"start":{"line":73,"column":36},"end":{"line":103,"column":1}},"line":73}},"branchMap":{},"s":{"0":1,"1":1,"2":0,"3":0,"4":0,"5":0,"6":0,"7":0,"8":1,"9":0,"10":0,"11":0,"12":0,"13":0,"14":0,"15":0,"16":1,"17":0,"18":0,"19":0,"20":0,"21":0,"22":0,"23":0,"24":0,"25":1,"26":0,"27":0,"28":0,"29":0,"30":0,"31":0,"32":0,"33":0,"34":0,"35":1,"36":0,"37":0,"38":0,"39":0,"40":0,"41":0,"42":0,"43":0,"44":1,"45":0,"46":0,"47":0,"48":0,"49":0,"50":0},"f":{"0":0,"1":0,"2":0,"3":0,"4":0,"5":0},"b":{},"_coverageSchema":"1a1c01bbd47fc00a2c39e90264f33305004495a9","hash":"895ae87f66db36f646e2ec29c60a3ba9a62272b2"}
,"C:\\Users\\niqos\\Desktop\\CF-Node\\usersApp\\logger\\logger.js": {"path":"C:\\Users\\niqos\\Desktop\\CF-Node\\usersApp\\logger\\logger.js","statementMap":{"0":{"start":{"line":38,"column":0},"end":{"line":38,"column":37}},"1":{"start":{"line":39,"column":0},"end":{"line":39,"column":26}},"2":{"start":{"line":40,"column":43},"end":{"line":40,"column":61}},"3":{"start":{"line":41,"column":57},"end":{"line":41,"column":63}},"4":{"start":{"line":42,"column":17},"end":{"line":42,"column":36}},"5":{"start":{"line":44,"column":28},"end":{"line":48,"column":2}},"6":{"start":{"line":50,"column":15},"end":{"line":90,"column":2}},"7":{"start":{"line":92,"column":0},"end":{"line":92,"column":23}}},"fnMap":{},"branchMap":{},"s":{"0":1,"1":1,"2":1,"3":1,"4":1,"5":1,"6":1,"7":1},"f":{},"b":{},"_coverageSchema":"1a1c01bbd47fc00a2c39e90264f33305004495a9","hash":"c9f8d5fb41c450a48f00e01b83e283ef9ecf9591"}
,"C:\\Users\\niqos\\Desktop\\CF-Node\\usersApp\\middlewares\\auth.middleware.js": {"path":"C:\\Users\\niqos\\Desktop\\CF-Node\\usersApp\\middlewares\\auth.middleware.js","statementMap":{"0":{"start":{"line":1,"column":12},"end":{"line":1,"column":35}},"1":{"start":{"line":2,"column":20},"end":{"line":2,"column":55}},"2":{"start":{"line":5,"column":21},"end":{"line":5,"column":49}},"3":{"start":{"line":6,"column":16},"end":{"line":6,"column":54}},"4":{"start":{"line":8,"column":2},"end":{"line":10,"column":3}},"5":{"start":{"line":9,"column":4},"end":{"line":9,"column":93}},"6":{"start":{"line":12,"column":17},"end":{"line":12,"column":53}},"7":{"start":{"line":14,"column":2},"end":{"line":19,"column":3}},"8":{"start":{"line":15,"column":4},"end":{"line":15,"column":26}},"9":{"start":{"line":16,"column":4},"end":{"line":16,"column":10}},"10":{"start":{"line":18,"column":4},"end":{"line":18,"column":66}},"11":{"start":{"line":23,"column":2},"end":{"line":36,"column":3}},"12":{"start":{"line":24,"column":4},"end":{"line":26,"column":5}},"13":{"start":{"line":25,"column":6},"end":{"line":25,"column":85}},"14":{"start":{"line":28,"column":22},"end":{"line":28,"column":36}},"15":{"start":{"line":29,"column":26},"end":{"line":29,"column":57}},"16":{"start":{"line":31,"column":4},"end":{"line":33,"column":5}},"17":{"start":{"line":32,"column":6},"end":{"line":32,"column":94}},"18":{"start":{"line":35,"column":4},"end":{"line":35,"column":10}},"19":{"start":{"line":39,"column":0},"end":{"line":39,"column":45}}},"fnMap":{"0":{"name":"verifyToken","decl":{"start":{"line":4,"column":9},"end":{"line":4,"column":20}},"loc":{"start":{"line":4,"column":37},"end":{"line":20,"column":1}},"line":4},"1":{"name":"verifyRoles","decl":{"start":{"line":22,"column":9},"end":{"line":22,"column":20}},"loc":{"start":{"line":22,"column":34},"end":{"line":37,"column":1}},"line":22},"2":{"name":"(anonymous_2)","decl":{"start":{"line":23,"column":9},"end":{"line":23,"column":10}},"loc":{"start":{"line":23,"column":29},"end":{"line":36,"column":3}},"line":23}},"branchMap":{"0":{"loc":{"start":{"line":6,"column":16},"end":{"line":6,"column":54}},"type":"binary-expr","locations":[{"start":{"line":6,"column":16},"end":{"line":6,"column":26}},{"start":{"line":6,"column":30},"end":{"line":6,"column":54}}],"line":6},"1":{"loc":{"start":{"line":8,"column":2},"end":{"line":10,"column":3}},"type":"if","locations":[{"start":{"line":8,"column":2},"end":{"line":10,"column":3}},{"start":{},"end":{}}],"line":8},"2":{"loc":{"start":{"line":14,"column":2},"end":{"line":19,"column":3}},"type":"if","locations":[{"start":{"line":14,"column":2},"end":{"line":19,"column":3}},{"start":{"line":17,"column":9},"end":{"line":19,"column":3}}],"line":14},"3":{"loc":{"start":{"line":24,"column":4},"end":{"line":26,"column":5}},"type":"if","locations":[{"start":{"line":24,"column":4},"end":{"line":26,"column":5}},{"start":{},"end":{}}],"line":24},"4":{"loc":{"start":{"line":24,"column":9},"end":{"line":24,"column":37}},"type":"binary-expr","locations":[{"start":{"line":24,"column":9},"end":{"line":24,"column":18}},{"start":{"line":24,"column":22},"end":{"line":24,"column":37}}],"line":24},"5":{"loc":{"start":{"line":31,"column":4},"end":{"line":33,"column":5}},"type":"if","locations":[{"start":{"line":31,"column":4},"end":{"line":33,"column":5}},{"start":{},"end":{}}],"line":31}},"s":{"0":1,"1":1,"2":2,"3":2,"4":2,"5":0,"6":2,"7":2,"8":2,"9":2,"10":0,"11":4,"12":0,"13":0,"14":0,"15":0,"16":0,"17":0,"18":0,"19":1},"f":{"0":2,"1":4,"2":0},"b":{"0":[2,2],"1":[0,2],"2":[2,0],"3":[0,0],"4":[0,0],"5":[0,0]},"_coverageSchema":"1a1c01bbd47fc00a2c39e90264f33305004495a9","hash":"ad55c87eb4dafa9ccf83a587b66c8c682f244373"}
,"C:\\Users\\niqos\\Desktop\\CF-Node\\usersApp\\models\\user.model.js": {"path":"C:\\Users\\niqos\\Desktop\\CF-Node\\usersApp\\models\\user.model.js","statementMap":{"0":{"start":{"line":1,"column":17},"end":{"line":1,"column":36}},"1":{"start":{"line":3,"column":15},"end":{"line":3,"column":30}},"2":{"start":{"line":5,"column":20},"end":{"line":8,"column":16}},"3":{"start":{"line":10,"column":18},"end":{"line":13,"column":16}},"4":{"start":{"line":15,"column":20},"end":{"line":20,"column":2}},"5":{"start":{"line":22,"column":17},"end":{"line":61,"column":2}},"6":{"start":{"line":63,"column":0},"end":{"line":63,"column":51}}},"fnMap":{},"branchMap":{},"s":{"0":1,"1":1,"2":1,"3":1,"4":1,"5":1,"6":1},"f":{},"b":{},"_coverageSchema":"1a1c01bbd47fc00a2c39e90264f33305004495a9","hash":"70a82946ab5136e5d0257ef2fe6d60814ed65c76"}
,"C:\\Users\\niqos\\Desktop\\CF-Node\\usersApp\\routes\\auth.routes.js": {"path":"C:\\Users\\niqos\\Desktop\\CF-Node\\usersApp\\routes\\auth.routes.js","statementMap":{"0":{"start":{"line":1,"column":16},"end":{"line":1,"column":34}},"1":{"start":{"line":2,"column":15},"end":{"line":2,"column":31}},"2":{"start":{"line":4,"column":23},"end":{"line":4,"column":64}},"3":{"start":{"line":6,"column":0},"end":{"line":6,"column":43}},"4":{"start":{"line":7,"column":0},"end":{"line":7,"column":58}},"5":{"start":{"line":9,"column":0},"end":{"line":9,"column":23}}},"fnMap":{},"branchMap":{},"s":{"0":1,"1":1,"2":1,"3":1,"4":1,"5":1},"f":{},"b":{},"_coverageSchema":"1a1c01bbd47fc00a2c39e90264f33305004495a9","hash":"ef492ff9996a347c24ca155551863522500901ad"}
,"C:\\Users\\niqos\\Desktop\\CF-Node\\usersApp\\routes\\user.products.routes.js": {"path":"C:\\Users\\niqos\\Desktop\\CF-Node\\usersApp\\routes\\user.products.routes.js","statementMap":{"0":{"start":{"line":1,"column":16},"end":{"line":1,"column":34}},"1":{"start":{"line":2,"column":15},"end":{"line":2,"column":31}},"2":{"start":{"line":4,"column":30},"end":{"line":4,"column":79}},"3":{"start":{"line":6,"column":0},"end":{"line":6,"column":46}},"4":{"start":{"line":7,"column":0},"end":{"line":7,"column":55}},"5":{"start":{"line":8,"column":0},"end":{"line":8,"column":46}},"6":{"start":{"line":9,"column":0},"end":{"line":9,"column":56}},"7":{"start":{"line":10,"column":0},"end":{"line":10,"column":70}},"8":{"start":{"line":11,"column":0},"end":{"line":11,"column":57}},"9":{"start":{"line":13,"column":0},"end":{"line":13,"column":23}}},"fnMap":{},"branchMap":{},"s":{"0":1,"1":1,"2":1,"3":1,"4":1,"5":1,"6":1,"7":1,"8":1,"9":1},"f":{},"b":{},"_coverageSchema":"1a1c01bbd47fc00a2c39e90264f33305004495a9","hash":"5197ac73f24615e93d29d0bb9a1ca035c8cb02e0"}
,"C:\\Users\\niqos\\Desktop\\CF-Node\\usersApp\\routes\\user.routes.js": {"path":"C:\\Users\\niqos\\Desktop\\CF-Node\\usersApp\\routes\\user.routes.js","statementMap":{"0":{"start":{"line":1,"column":16},"end":{"line":1,"column":34}},"1":{"start":{"line":2,"column":15},"end":{"line":2,"column":31}},"2":{"start":{"line":4,"column":23},"end":{"line":4,"column":64}},"3":{"start":{"line":5,"column":20},"end":{"line":5,"column":73}},"4":{"start":{"line":6,"column":20},"end":{"line":6,"column":73}},"5":{"start":{"line":8,"column":0},"end":{"line":8,"column":52}},"6":{"start":{"line":9,"column":0},"end":{"line":9,"column":60}},"7":{"start":{"line":10,"column":0},"end":{"line":10,"column":74}},"8":{"start":{"line":11,"column":0},"end":{"line":11,"column":84}},"9":{"start":{"line":12,"column":0},"end":{"line":12,"column":95}},"10":{"start":{"line":13,"column":0},"end":{"line":13,"column":105}},"11":{"start":{"line":15,"column":0},"end":{"line":15,"column":23}}},"fnMap":{},"branchMap":{},"s":{"0":1,"1":1,"2":1,"3":1,"4":1,"5":1,"6":1,"7":1,"8":1,"9":1,"10":1,"11":1},"f":{},"b":{},"_coverageSchema":"1a1c01bbd47fc00a2c39e90264f33305004495a9","hash":"e8eb076208ac8cca29aff2203107eb529a4dbdd5"}
,"C:\\Users\\niqos\\Desktop\\CF-Node\\usersApp\\services\\auth.service.js": {"path":"C:\\Users\\niqos\\Desktop\\CF-Node\\usersApp\\services\\auth.service.js","statementMap":{"0":{"start":{"line":1,"column":12},"end":{"line":1,"column":35}},"1":{"start":{"line":2,"column":25},"end":{"line":2,"column":55}},"2":{"start":{"line":6,"column":2},"end":{"line":6,"column":37}},"3":{"start":{"line":7,"column":18},"end":{"line":11,"column":3}},"4":{"start":{"line":13,"column":17},"end":{"line":13,"column":41}},"5":{"start":{"line":14,"column":18},"end":{"line":14,"column":35}},"6":{"start":{"line":16,"column":2},"end":{"line":16,"column":43}},"7":{"start":{"line":20,"column":17},"end":{"line":20,"column":41}},"8":{"start":{"line":21,"column":2},"end":{"line":27,"column":3}},"9":{"start":{"line":22,"column":20},"end":{"line":22,"column":45}},"10":{"start":{"line":23,"column":4},"end":{"line":23,"column":39}},"11":{"start":{"line":24,"column":4},"end":{"line":24,"column":42}},"12":{"start":{"line":26,"column":4},"end":{"line":26,"column":47}},"13":{"start":{"line":31,"column":2},"end":{"line":31,"column":29}},"14":{"start":{"line":32,"column":20},"end":{"line":32,"column":48}},"15":{"start":{"line":33,"column":24},"end":{"line":33,"column":56}},"16":{"start":{"line":34,"column":23},"end":{"line":34,"column":47}},"17":{"start":{"line":36,"column":23},"end":{"line":36,"column":79}},"18":{"start":{"line":38,"column":2},"end":{"line":55,"column":3}},"19":{"start":{"line":40,"column":23},"end":{"line":40,"column":56}},"20":{"start":{"line":41,"column":4},"end":{"line":41,"column":39}},"21":{"start":{"line":43,"column":19},"end":{"line":48,"column":5}},"22":{"start":{"line":49,"column":21},"end":{"line":49,"column":46}},"23":{"start":{"line":50,"column":4},"end":{"line":50,"column":40}},"24":{"start":{"line":51,"column":4},"end":{"line":51,"column":35}},"25":{"start":{"line":53,"column":4},"end":{"line":53,"column":56}},"26":{"start":{"line":54,"column":4},"end":{"line":54,"column":56}},"27":{"start":{"line":58,"column":0},"end":{"line":58,"column":71}}},"fnMap":{"0":{"name":"generateAccessToken","decl":{"start":{"line":4,"column":9},"end":{"line":4,"column":28}},"loc":{"start":{"line":4,"column":35},"end":{"line":17,"column":1}},"line":4},"1":{"name":"verifyAccessToken","decl":{"start":{"line":19,"column":9},"end":{"line":19,"column":26}},"loc":{"start":{"line":19,"column":34},"end":{"line":28,"column":1}},"line":19},"2":{"name":"googleAuth","decl":{"start":{"line":30,"column":15},"end":{"line":30,"column":25}},"loc":{"start":{"line":30,"column":32},"end":{"line":56,"column":1}},"line":30}},"branchMap":{},"s":{"0":1,"1":1,"2":2,"3":2,"4":2,"5":2,"6":2,"7":2,"8":2,"9":2,"10":2,"11":2,"12":0,"13":0,"14":0,"15":0,"16":0,"17":0,"18":0,"19":0,"20":0,"21":0,"22":0,"23":0,"24":0,"25":0,"26":0,"27":1},"f":{"0":2,"1":2,"2":0},"b":{},"_coverageSchema":"1a1c01bbd47fc00a2c39e90264f33305004495a9","hash":"e7bde2d39311b83c1b90c6794d80106ebd526f7f"}
,"C:\\Users\\niqos\\Desktop\\CF-Node\\usersApp\\services\\user.services.js": {"path":"C:\\Users\\niqos\\Desktop\\CF-Node\\usersApp\\services\\user.services.js","statementMap":{"0":{"start":{"line":1,"column":13},"end":{"line":1,"column":44}},"1":{"start":{"line":4,"column":17},"end":{"line":4,"column":28}},"2":{"start":{"line":5,"column":2},"end":{"line":5,"column":15}},"3":{"start":{"line":9,"column":17},"end":{"line":9,"column":51}},"4":{"start":{"line":10,"column":2},"end":{"line":10,"column":15}},"5":{"start":{"line":14,"column":2},"end":{"line":14,"column":40}},"6":{"start":{"line":16,"column":2},"end":{"line":23,"column":3}},"7":{"start":{"line":17,"column":19},"end":{"line":17,"column":61}},"8":{"start":{"line":18,"column":4},"end":{"line":18,"column":78}},"9":{"start":{"line":19,"column":4},"end":{"line":19,"column":20}},"10":{"start":{"line":21,"column":4},"end":{"line":21,"column":62}},"11":{"start":{"line":22,"column":4},"end":{"line":22,"column":16}},"12":{"start":{"line":26,"column":0},"end":{"line":26,"column":59}}},"fnMap":{"0":{"name":"findAll","decl":{"start":{"line":3,"column":9},"end":{"line":3,"column":16}},"loc":{"start":{"line":3,"column":19},"end":{"line":6,"column":1}},"line":3},"1":{"name":"findOne","decl":{"start":{"line":8,"column":9},"end":{"line":8,"column":16}},"loc":{"start":{"line":8,"column":27},"end":{"line":11,"column":1}},"line":8},"2":{"name":"findLastInsertedUser","decl":{"start":{"line":13,"column":15},"end":{"line":13,"column":35}},"loc":{"start":{"line":13,"column":38},"end":{"line":24,"column":1}},"line":13}},"branchMap":{},"s":{"0":1,"1":1,"2":1,"3":1,"4":1,"5":1,"6":1,"7":1,"8":1,"9":1,"10":0,"11":0,"12":1},"f":{"0":1,"1":1,"2":1},"b":{},"_coverageSchema":"1a1c01bbd47fc00a2c39e90264f33305004495a9","hash":"5c9e54243f4fd389a1bb741714e853b5d53e2f90"}
}
